<?xml version="1.0" encoding="UTF-8"?>
<testsuite xmlns:xsi="http://www.w3.org/2001/XMLSchema-instance" xsi:noNamespaceSchemaLocation="https://maven.apache.org/surefire/maven-surefire-plugin/xsd/surefire-test-report-3.0.xsd" version="3.0" name="com.qi.LogTest" time="0.245" tests="1" errors="0" skipped="0" failures="0">
  <properties>
[...]
</properties>
  <testcase name="testLog" classname="com.qi.LogTest" time="0.005">
    <system-out><![CDATA[2026-05-29 16:21:51.218 [main] INFO  com.qi.LogTest-计算结果为：101
]]></system-out>
  </testcase>
</testsuite>